de/acoustic_model/AUTHORS
de/acoustic_model/COPYING
de/acoustic_model/README.md
de/acoustic_model/feat.params
de/acoustic_model/feature_transform
de/acoustic_model/mdef
de/acoustic_model/means
de/acoustic_model/mixture_weights
de/acoustic_model/noisedict
de/acoustic_model/transition_matrices
de/acoustic_model/variances
de/cmusphinx-voxforge-de.dic
de/number.gram
en/acoustic_model/README
en/acoustic_model/feat.params
en/acoustic_model/mdef
en/acoustic_model/means
en/acoustic_model/noisedict
en/acoustic_model/sendump
en/acoustic_model/transition_matrices
en/acoustic_model/variances
en/cmudict-en-us.dict
en/number.gram